<?xml version="1.0" encoding="UTF-8"?>
<coverage generated="1787554685512" clover="3.2.0">
  <project timestamp="1787554685512" name="All files">
    <metrics statements="221" coveredstatements="135" conditionals="185" coveredconditionals="120" methods="54" coveredmethods="30" elements="460" coveredelements="285" complexity="0" loc="221" ncloc="221" packages="6" files="13" classes="13"/>
    <package name="config">
      <metrics statements="1" coveredstatements="1" conditionals="58" coveredconditionals="55" methods="0" coveredmethods="0"/>
      <file name="config.js" path="C:\Users\amang\sale-crm\salecrmbd\src\config\config.js">
        <metrics statements="1" coveredstatements="1" conditionals="58" coveredconditionals="55" methods="0" coveredmethods="0"/>
        <line num="1" count="1" type="stmt"/>
      </file>
    </package>
    <package name="constants">
      <metrics statements="9" coveredstatements="9" conditionals="3" coveredconditionals="2" methods="1" coveredmethods="1"/>
      <file name="inventory.js" path="C:\Users\amang\sale-crm\salecrmbd\src\constants\inventory.js">
        <metrics statements="9" coveredstatements="9" conditionals="3" coveredconditionals="2" methods="1" coveredmethods="1"/>
        <line num="1" count="1" type="stmt"/>
        <line num="3" count="1" type="stmt"/>
        <line num="11" count="1" type="stmt"/>
        <line num="13" count="1" type="stmt"/>
        <line num="19" count="1" type="stmt"/>
        <line num="24" count="1" type="stmt"/>
        <line num="26" count="1" type="stmt"/>
        <line num="29" count="314" type="stmt"/>
        <line num="30" count="314" type="cond" truecount="1" falsecount="1"/>
      </file>
    </package>
    <package name="errors">
      <metrics statements="8" coveredstatements="7" conditionals="5" coveredconditionals="1" methods="2" coveredmethods="1"/>
      <file name="AppError.js" path="C:\Users\amang\sale-crm\salecrmbd\src\errors\AppError.js">
        <metrics statements="7" coveredstatements="6" conditionals="5" coveredconditionals="1" methods="2" coveredmethods="1"/>
        <line num="12" count="10" type="stmt"/>
        <line num="13" count="10" type="stmt"/>
        <line num="14" count="10" type="stmt"/>
        <line num="15" count="10" type="stmt"/>
        <line num="16" count="10" type="stmt"/>
        <line num="17" count="10" type="stmt"/>
        <line num="21" count="0" type="stmt"/>
      </file>
      <file name="ErrorCode.js" path="C:\Users\amang\sale-crm\salecrmbd\src\errors\ErrorCode.js">
        <metrics statements="1" coveredstatements="1" conditionals="0" coveredconditionals="0" methods="0" coveredmethods="0"/>
        <line num="4" count="1" type="stmt"/>
      </file>
      <file name="index.js" path="C:\Users\amang\sale-crm\salecrmbd\src\errors\index.js">
        <metrics statements="0" coveredstatements="0" conditionals="0" coveredconditionals="0" methods="0" coveredmethods="0"/>
      </file>
    </package>
    <package name="modules.inventory.__tests__">
      <metrics statements="50" coveredstatements="42" conditionals="24" coveredconditionals="15" methods="26" coveredmethods="21"/>
      <file name="harness.js" path="C:\Users\amang\sale-crm\salecrmbd\src\modules\inventory\__tests__\harness.js">
        <metrics statements="50" coveredstatements="42" conditionals="24" coveredconditionals="15" methods="26" coveredmethods="21"/>
        <line num="6" count="3" type="stmt"/>
        <line num="7" count="3" type="stmt"/>
        <line num="9" count="127" type="stmt"/>
        <line num="11" count="3" type="stmt"/>
        <line num="12" count="117" type="cond" truecount="2" falsecount="0"/>
        <line num="13" count="113" type="cond" truecount="2" falsecount="0"/>
        <line num="15" count="113" type="stmt"/>
        <line num="16" count="113" type="stmt"/>
        <line num="18" count="113" type="stmt"/>
        <line num="19" count="113" type="stmt"/>
        <line num="20" count="113" type="stmt"/>
        <line num="24" count="3" type="stmt"/>
        <line num="26" count="98" type="stmt"/>
        <line num="30" count="98" type="stmt"/>
        <line num="31" count="98" type="stmt"/>
        <line num="33" count="113" type="stmt"/>
        <line num="39" count="117" type="stmt"/>
        <line num="40" count="30" type="stmt"/>
        <line num="41" count="113" type="stmt"/>
        <line num="42" count="103" type="stmt"/>
        <line num="43" count="103" type="stmt"/>
        <line num="44" count="103" type="stmt"/>
        <line num="46" count="103" type="stmt"/>
        <line num="51" count="3" type="stmt"/>
        <line num="54" count="117" type="stmt"/>
        <line num="55" count="117" type="cond" truecount="3" falsecount="1"/>
        <line num="56" count="117" type="stmt"/>
        <line num="58" count="117" type="stmt"/>
        <line num="59" count="117" type="cond" truecount="2" falsecount="0"/>
        <line num="62" count="4" type="stmt"/>
        <line num="63" count="4" type="cond" truecount="1" falsecount="1"/>
        <line num="64" count="0" type="stmt"/>
        <line num="65" count="0" type="stmt"/>
        <line num="66" count="0" type="stmt"/>
        <line num="68" count="4" type="stmt"/>
        <line num="75" count="4" type="stmt"/>
        <line num="76" count="4" type="stmt"/>
        <line num="79" count="0" type="stmt"/>
        <line num="80" count="0" type="cond" truecount="0" falsecount="2"/>
        <line num="81" count="0" type="stmt"/>
        <line num="85" count="3" type="stmt"/>
        <line num="88" count="98" type="cond" truecount="1" falsecount="1"/>
        <line num="91" count="113" type="cond" truecount="1" falsecount="1"/>
        <line num="94" count="88" type="stmt"/>
        <line num="97" count="88" type="stmt"/>
        <line num="100" count="0" type="stmt"/>
        <line num="101" count="0" type="stmt"/>
        <line num="105" count="3" type="stmt"/>
        <line num="108" count="6" type="stmt"/>
        <line num="109" count="6" type="cond" truecount="1" falsecount="1"/>
      </file>
    </package>
    <package name="modules.inventory.service">
      <metrics statements="112" coveredstatements="64" conditionals="67" coveredconditionals="42" methods="10" coveredmethods="7"/>
      <file name="LowStockAlertService.js" path="C:\Users\amang\sale-crm\salecrmbd\src\modules\inventory\service\LowStockAlertService.js">
        <metrics statements="47" coveredstatements="4" conditionals="20" coveredconditionals="3" methods="5" coveredmethods="2"/>
        <line num="6" count="3" type="stmt"/>
        <line num="10" count="0" type="stmt"/>
        <line num="11" count="0" type="stmt"/>
        <line num="22" count="88" type="stmt"/>
        <line num="23" count="88" type="stmt"/>
        <line num="24" count="88" type="cond" truecount="3" falsecount="1"/>
        <line num="26" count="0" type="stmt"/>
        <line num="27" count="0" type="cond" truecount="0" falsecount="2"/>
        <line num="29" count="0" type="cond" truecount="0" falsecount="2"/>
        <line num="33" count="0" type="stmt"/>
        <line num="34" count="0" type="stmt"/>
        <line num="35" count="0" type="stmt"/>
        <line num="36" count="0" type="stmt"/>
        <line num="38" count="0" type="stmt"/>
        <line num="45" count="0" type="stmt"/>
        <line num="46" count="0" type="stmt"/>
        <line num="47" count="0" type="stmt"/>
        <line num="49" count="0" type="stmt"/>
        <line num="50" count="0" type="stmt"/>
        <line num="51" count="0" type="stmt"/>
        <line num="52" count="0" type="stmt"/>
        <line num="53" count="0" type="cond" truecount="0" falsecount="2"/>
        <line num="56" count="0" type="stmt"/>
        <line num="57" count="0" type="stmt"/>
        <line num="58" count="0" type="stmt"/>
        <line num="59" count="0" type="cond" truecount="0" falsecount="4"/>
        <line num="60" count="0" type="stmt"/>
        <line num="61" count="0" type="stmt"/>
        <line num="62" count="0" type="stmt"/>
        <line num="63" count="0" type="stmt"/>
        <line num="69" count="0" type="stmt"/>
        <line num="73" count="0" type="stmt"/>
        <line num="74" count="0" type="stmt"/>
        <line num="75" count="0" type="stmt"/>
        <line num="84" count="0" type="cond" truecount="0" falsecount="2"/>
        <line num="85" count="0" type="cond" truecount="0" falsecount="2"/>
        <line num="86" count="0" type="stmt"/>
        <line num="87" count="0" type="stmt"/>
        <line num="88" count="0" type="stmt"/>
        <line num="89" count="0" type="stmt"/>
        <line num="91" count="0" type="stmt"/>
        <line num="102" count="0" type="cond" truecount="0" falsecount="2"/>
        <line num="103" count="0" type="stmt"/>
        <line num="104" count="0" type="stmt"/>
        <line num="105" count="0" type="stmt"/>
        <line num="106" count="0" type="stmt"/>
        <line num="108" count="0" type="stmt"/>
      </file>
      <file name="StockService.js" path="C:\Users\amang\sale-crm\salecrmbd\src\modules\inventory\service\StockService.js">
        <metrics statements="65" coveredstatements="60" conditionals="47" coveredconditionals="39" methods="5" coveredmethods="5"/>
        <line num="13" count="3" type="stmt"/>
        <line num="14" count="3" type="stmt"/>
        <line num="18" count="98" type="stmt"/>
        <line num="19" count="98" type="cond" truecount="1" falsecount="1"/>
        <line num="20" count="0" type="stmt"/>
        <line num="22" count="98" type="stmt"/>
        <line num="23" count="98" type="cond" truecount="3" falsecount="1"/>
        <line num="24" count="0" type="stmt"/>
        <line num="27" count="98" type="stmt"/>
        <line num="28" count="98" type="cond" truecount="1" falsecount="1"/>
        <line num="30" count="98" type="stmt"/>
        <line num="32" count="98" type="stmt"/>
        <line num="33" count="98" type="cond" truecount="2" falsecount="0"/>
        <line num="34" count="53" type="stmt"/>
        <line num="35" count="53" type="stmt"/>
        <line num="36" count="53" type="stmt"/>
        <line num="37" count="53" type="stmt"/>
        <line num="38" count="53" type="stmt"/>
        <line num="39" count="45" type="cond" truecount="2" falsecount="0"/>
        <line num="40" count="30" type="stmt"/>
        <line num="41" count="30" type="stmt"/>
        <line num="42" count="30" type="stmt"/>
        <line num="43" count="30" type="cond" truecount="2" falsecount="0"/>
        <line num="44" count="10" type="stmt"/>
        <line num="46" count="20" type="stmt"/>
        <line num="47" count="20" type="stmt"/>
        <line num="48" count="20" type="stmt"/>
        <line num="50" count="15" type="stmt"/>
        <line num="51" count="15" type="stmt"/>
        <line num="52" count="15" type="cond" truecount="4" falsecount="1"/>
        <line num="53" count="0" type="stmt"/>
        <line num="55" count="15" type="stmt"/>
        <line num="56" count="15" type="stmt"/>
        <line num="59" count="15" type="cond" truecount="2" falsecount="0"/>
        <line num="60" count="15" type="cond" truecount="2" falsecount="0"/>
        <line num="61" count="15" type="stmt"/>
        <line num="62" count="15" type="stmt"/>
        <line num="63" count="15" type="cond" truecount="2" falsecount="0"/>
        <line num="64" count="15" type="cond" truecount="2" falsecount="0"/>
        <line num="66" count="15" type="stmt"/>
        <line num="67" count="15" type="cond" truecount="1" falsecount="1"/>
        <line num="68" count="0" type="stmt"/>
        <line num="70" count="15" type="stmt"/>
        <line num="71" count="15" type="stmt"/>
        <line num="72" count="15" type="stmt"/>
        <line num="73" count="15" type="stmt"/>
        <line num="74" count="15" type="stmt"/>
        <line num="75" count="15" type="stmt"/>
        <line num="78" count="88" type="stmt"/>
        <line num="89" count="88" type="stmt"/>
        <line num="92" count="88" type="stmt"/>
        <line num="93" count="88" type="stmt"/>
        <line num="97" count="113" type="stmt"/>
        <line num="100" count="113" type="cond" truecount="1" falsecount="1"/>
        <line num="101" count="113" type="stmt"/>
        <line num="105" count="113" type="stmt"/>
        <line num="106" count="113" type="stmt"/>
        <line num="112" count="113" type="stmt"/>
        <line num="113" count="113" type="cond" truecount="2" falsecount="0"/>
        <line num="115" count="4" type="stmt"/>
        <line num="116" count="4" type="stmt"/>
        <line num="127" count="4" type="stmt"/>
        <line num="128" count="4" type="cond" truecount="1" falsecount="1"/>
        <line num="129" count="0" type="stmt"/>
        <line num="131" count="4" type="stmt"/>
      </file>
    </package>
    <package name="utils">
      <metrics statements="41" coveredstatements="12" conditionals="28" coveredconditionals="5" methods="15" coveredmethods="0"/>
      <file name="Logger.js" path="C:\Users\amang\sale-crm\salecrmbd\src\utils\Logger.js">
        <metrics statements="19" coveredstatements="9" conditionals="14" coveredconditionals="5" methods="7" coveredmethods="0"/>
        <line num="3" count="1" type="stmt"/>
        <line num="4" count="1" type="stmt"/>
        <line num="6" count="1" type="stmt"/>
        <line num="7" count="1" type="stmt"/>
        <line num="8" count="1" type="cond" truecount="2" falsecount="2"/>
        <line num="10" count="1" type="stmt"/>
        <line num="21" count="1" type="stmt"/>
        <line num="22" count="1" type="cond" truecount="1" falsecount="1"/>
        <line num="23" count="0" type="stmt"/>
        <line num="24" count="0" type="stmt"/>
        <line num="27" count="0" type="stmt"/>
        <line num="28" count="0" type="cond" truecount="0" falsecount="4"/>
        <line num="29" count="0" type="cond" truecount="0" falsecount="2"/>
        <line num="31" count="0" type="stmt"/>
        <line num="35" count="1" type="stmt"/>
        <line num="36" count="0" type="stmt"/>
        <line num="37" count="0" type="stmt"/>
        <line num="38" count="0" type="stmt"/>
        <line num="39" count="0" type="stmt"/>
      </file>
      <file name="ResponseFormatter.js" path="C:\Users\amang\sale-crm\salecrmbd\src\utils\ResponseFormatter.js">
        <metrics statements="4" coveredstatements="1" conditionals="12" coveredconditionals="0" methods="3" coveredmethods="0"/>
        <line num="4" count="1" type="stmt"/>
        <line num="6" count="0" type="stmt"/>
        <line num="16" count="0" type="stmt"/>
        <line num="27" count="0" type="stmt"/>
      </file>
      <file name="TokenHelper.js" path="C:\Users\amang\sale-crm\salecrmbd\src\utils\TokenHelper.js">
        <metrics statements="13" coveredstatements="1" conditionals="0" coveredconditionals="0" methods="3" coveredmethods="0"/>
        <line num="9" count="1" type="stmt"/>
        <line num="11" count="0" type="stmt"/>
        <line num="12" count="0" type="stmt"/>
        <line num="14" count="0" type="stmt"/>
        <line num="15" count="0" type="stmt"/>
        <line num="20" count="0" type="stmt"/>
        <line num="21" count="0" type="stmt"/>
        <line num="23" count="0" type="stmt"/>
        <line num="24" count="0" type="stmt"/>
        <line num="29" count="0" type="stmt"/>
        <line num="30" count="0" type="stmt"/>
        <line num="32" count="0" type="stmt"/>
        <line num="33" count="0" type="stmt"/>
      </file>
      <file name="ValidationHelper.js" path="C:\Users\amang\sale-crm\salecrmbd\src\utils\ValidationHelper.js">
        <metrics statements="5" coveredstatements="1" conditionals="2" coveredconditionals="0" methods="2" coveredmethods="0"/>
        <line num="10" count="1" type="stmt"/>
        <line num="12" count="0" type="stmt"/>
        <line num="13" count="0" type="cond" truecount="0" falsecount="2"/>
        <line num="14" count="0" type="stmt"/>
        <line num="18" count="0" type="stmt"/>
      </file>
      <file name="index.js" path="C:\Users\amang\sale-crm\salecrmbd\src\utils\index.js">
        <metrics statements="0" coveredstatements="0" conditionals="0" coveredconditionals="0" methods="0" coveredmethods="0"/>
      </file>
    </package>
  </project>
</coverage>
