{"C:\\Users\\amang\\sale-crm\\salecrmbd\\src\\config\\config.js": {"path":"C:\\Users\\amang\\sale-crm\\salecrmbd\\src\\config\\config.js","statementMap":{"0":{"start":{"line":1,"column":15},"end":{"line":73,"column":1}}},"fnMap":{},"branchMap":{"0":{"loc":{"start":{"line":3,"column":14},"end":{"line":3,"column":38}},"type":"binary-expr","locations":[{"start":{"line":3,"column":14},"end":{"line":3,"column":30}},{"start":{"line":3,"column":34},"end":{"line":3,"column":38}}],"line":3},"1":{"loc":{"start":{"line":4,"column":13},"end":{"line":4,"column":50}},"type":"binary-expr","locations":[{"start":{"line":4,"column":13},"end":{"line":4,"column":33}},{"start":{"line":4,"column":37},"end":{"line":4,"column":50}}],"line":4},"2":{"loc":{"start":{"line":6,"column":23},"end":{"line":6,"column":99}},"type":"binary-expr","locations":[{"start":{"line":6,"column":23},"end":{"line":6,"column":49}},{"start":{"line":6,"column":53},"end":{"line":6,"column":99}}],"line":6},"3":{"loc":{"start":{"line":6,"column":73},"end":{"line":6,"column":97}},"type":"binary-expr","locations":[{"start":{"line":6,"column":73},"end":{"line":6,"column":89}},{"start":{"line":6,"column":93},"end":{"line":6,"column":97}}],"line":6},"4":{"loc":{"start":{"line":11,"column":16},"end":{"line":11,"column":82}},"type":"cond-expr","locations":[{"start":{"line":11,"column":42},"end":{"line":11,"column":76}},{"start":{"line":11,"column":79},"end":{"line":11,"column":82}}],"line":11},"5":{"loc":{"start":{"line":16,"column":14},"end":{"line":16,"column":48}},"type":"binary-expr","locations":[{"start":{"line":16,"column":14},"end":{"line":16,"column":33}},{"start":{"line":16,"column":37},"end":{"line":16,"column":48}}],"line":16},"6":{"loc":{"start":{"line":17,"column":14},"end":{"line":17,"column":41}},"type":"binary-expr","locations":[{"start":{"line":17,"column":14},"end":{"line":17,"column":33}},{"start":{"line":17,"column":37},"end":{"line":17,"column":41}}],"line":17},"7":{"loc":{"start":{"line":18,"column":18},"end":{"line":18,"column":47}},"type":"binary-expr","locations":[{"start":{"line":18,"column":18},"end":{"line":18,"column":37}},{"start":{"line":18,"column":41},"end":{"line":18,"column":47}}],"line":18},"8":{"loc":{"start":{"line":19,"column":18},"end":{"line":19,"column":47}},"type":"binary-expr","locations":[{"start":{"line":19,"column":18},"end":{"line":19,"column":41}},{"start":{"line":19,"column":45},"end":{"line":19,"column":47}}],"line":19},"9":{"loc":{"start":{"line":20,"column":18},"end":{"line":20,"column":59}},"type":"binary-expr","locations":[{"start":{"line":20,"column":18},"end":{"line":20,"column":37}},{"start":{"line":20,"column":41},"end":{"line":20,"column":59}}],"line":20},"10":{"loc":{"start":{"line":22,"column":17},"end":{"line":22,"column":72}},"type":"cond-expr","locations":[{"start":{"line":22,"column":53},"end":{"line":22,"column":64}},{"start":{"line":22,"column":67},"end":{"line":22,"column":72}}],"line":22},"11":{"loc":{"start":{"line":30,"column":15},"end":{"line":30,"column":46}},"type":"binary-expr","locations":[{"start":{"line":30,"column":15},"end":{"line":30,"column":36}},{"start":{"line":30,"column":40},"end":{"line":30,"column":46}}],"line":30},"12":{"loc":{"start":{"line":35,"column":16},"end":{"line":35,"column":99}},"type":"binary-expr","locations":[{"start":{"line":35,"column":16},"end":{"line":35,"column":38}},{"start":{"line":35,"column":42},"end":{"line":35,"column":99}}],"line":35},"13":{"loc":{"start":{"line":36,"column":16},"end":{"line":36,"column":46}},"type":"binary-expr","locations":[{"start":{"line":36,"column":16},"end":{"line":36,"column":38}},{"start":{"line":36,"column":42},"end":{"line":36,"column":46}}],"line":36},"14":{"loc":{"start":{"line":37,"column":24},"end":{"line":37,"column":115}},"type":"binary-expr","locations":[{"start":{"line":37,"column":24},"end":{"line":37,"column":54}},{"start":{"line":37,"column":58},"end":{"line":37,"column":115}}],"line":37},"15":{"loc":{"start":{"line":38,"column":24},"end":{"line":38,"column":62}},"type":"binary-expr","locations":[{"start":{"line":38,"column":24},"end":{"line":38,"column":54}},{"start":{"line":38,"column":58},"end":{"line":38,"column":62}}],"line":38},"16":{"loc":{"start":{"line":43,"column":14},"end":{"line":43,"column":51}},"type":"binary-expr","locations":[{"start":{"line":43,"column":14},"end":{"line":43,"column":36}},{"start":{"line":43,"column":40},"end":{"line":43,"column":51}}],"line":43},"17":{"loc":{"start":{"line":44,"column":14},"end":{"line":44,"column":58}},"type":"binary-expr","locations":[{"start":{"line":44,"column":14},"end":{"line":44,"column":50}},{"start":{"line":44,"column":54},"end":{"line":44,"column":58}}],"line":44},"18":{"loc":{"start":{"line":45,"column":18},"end":{"line":45,"column":57}},"type":"binary-expr","locations":[{"start":{"line":45,"column":18},"end":{"line":45,"column":44}},{"start":{"line":45,"column":48},"end":{"line":45,"column":57}}],"line":45},"19":{"loc":{"start":{"line":46,"column":18},"end":{"line":46,"column":50}},"type":"binary-expr","locations":[{"start":{"line":46,"column":18},"end":{"line":46,"column":44}},{"start":{"line":46,"column":48},"end":{"line":46,"column":50}}],"line":46},"20":{"loc":{"start":{"line":52,"column":18},"end":{"line":52,"column":58}},"type":"binary-expr","locations":[{"start":{"line":52,"column":18},"end":{"line":52,"column":52}},{"start":{"line":52,"column":56},"end":{"line":52,"column":58}}],"line":52},"21":{"loc":{"start":{"line":53,"column":13},"end":{"line":53,"column":79}},"type":"binary-expr","locations":[{"start":{"line":53,"column":13},"end":{"line":53,"column":41}},{"start":{"line":53,"column":45},"end":{"line":53,"column":79}}],"line":53},"22":{"loc":{"start":{"line":57,"column":16},"end":{"line":57,"column":61}},"type":"binary-expr","locations":[{"start":{"line":57,"column":16},"end":{"line":57,"column":55}},{"start":{"line":57,"column":59},"end":{"line":57,"column":61}}],"line":57},"23":{"loc":{"start":{"line":61,"column":21},"end":{"line":61,"column":50}},"type":"binary-expr","locations":[{"start":{"line":61,"column":21},"end":{"line":61,"column":44}},{"start":{"line":61,"column":48},"end":{"line":61,"column":50}}],"line":61},"24":{"loc":{"start":{"line":62,"column":21},"end":{"line":62,"column":50}},"type":"binary-expr","locations":[{"start":{"line":62,"column":21},"end":{"line":62,"column":44}},{"start":{"line":62,"column":48},"end":{"line":62,"column":50}}],"line":62},"25":{"loc":{"start":{"line":63,"column":28},"end":{"line":63,"column":85}},"type":"binary-expr","locations":[{"start":{"line":63,"column":28},"end":{"line":63,"column":58}},{"start":{"line":63,"column":62},"end":{"line":63,"column":85}}],"line":63},"26":{"loc":{"start":{"line":64,"column":31},"end":{"line":64,"column":91}},"type":"binary-expr","locations":[{"start":{"line":64,"column":31},"end":{"line":64,"column":64}},{"start":{"line":64,"column":68},"end":{"line":64,"column":91}}],"line":64},"27":{"loc":{"start":{"line":65,"column":23},"end":{"line":65,"column":74}},"type":"binary-expr","locations":[{"start":{"line":65,"column":23},"end":{"line":65,"column":48}},{"start":{"line":65,"column":52},"end":{"line":65,"column":74}}],"line":65},"28":{"loc":{"start":{"line":72,"column":15},"end":{"line":72,"column":44}},"type":"binary-expr","locations":[{"start":{"line":72,"column":15},"end":{"line":72,"column":37}},{"start":{"line":72,"column":41},"end":{"line":72,"column":44}}],"line":72}},"s":{"0":1},"f":{},"b":{"0":[1,1],"1":[1,0],"2":[1,1],"3":[1,1],"4":[0,1],"5":[1,1],"6":[1,1],"7":[1,1],"8":[1,1],"9":[1,1],"10":[0,1],"11":[1,1],"12":[1,1],"13":[1,1],"14":[1,1],"15":[1,1],"16":[1,1],"17":[1,1],"18":[1,1],"19":[1,1],"20":[1,1],"21":[1,1],"22":[1,1],"23":[1,1],"24":[1,1],"25":[1,1],"26":[1,1],"27":[1,1],"28":[1,1]},"inputSourceMap":null,"_coverageSchema":"1a1c01bbd47fc00a2c39e90264f33305004495a9","hash":"fe7769dbbb1ca3cb08b382dbe894b5615626ae42"}
,"C:\\Users\\amang\\sale-crm\\salecrmbd\\src\\constants\\inventory.js": {"path":"C:\\Users\\amang\\sale-crm\\salecrmbd\\src\\constants\\inventory.js","statementMap":{"0":{"start":{"line":1,"column":34},"end":{"line":1,"column":81}},"1":{"start":{"line":3,"column":38},"end":{"line":9,"column":1}},"2":{"start":{"line":11,"column":38},"end":{"line":11,"column":70}},"3":{"start":{"line":13,"column":28},"end":{"line":17,"column":1}},"4":{"start":{"line":19,"column":37},"end":{"line":22,"column":1}},"5":{"start":{"line":24,"column":33},"end":{"line":24,"column":73}},"6":{"start":{"line":26,"column":43},"end":{"line":26,"column":44}},"7":{"start":{"line":29,"column":14},"end":{"line":29,"column":38}},"8":{"start":{"line":30,"column":4},"end":{"line":30,"column":45}}},"fnMap":{"0":{"name":"toNumber","decl":{"start":{"line":28,"column":16},"end":{"line":28,"column":24}},"loc":{"start":{"line":28,"column":46},"end":{"line":31,"column":1}},"line":28}},"branchMap":{"0":{"loc":{"start":{"line":28,"column":32},"end":{"line":28,"column":44}},"type":"default-arg","locations":[{"start":{"line":28,"column":43},"end":{"line":28,"column":44}}],"line":28},"1":{"loc":{"start":{"line":30,"column":11},"end":{"line":30,"column":44}},"type":"cond-expr","locations":[{"start":{"line":30,"column":32},"end":{"line":30,"column":33}},{"start":{"line":30,"column":36},"end":{"line":30,"column":44}}],"line":30}},"s":{"0":1,"1":1,"2":1,"3":1,"4":1,"5":1,"6":1,"7":314,"8":314},"f":{"0":314},"b":{"0":[216],"1":[314,0]},"inputSourceMap":null,"_coverageSchema":"1a1c01bbd47fc00a2c39e90264f33305004495a9","hash":"c05c84c8ff7c7fec0ced210867eb587b6aaae352"}
,"C:\\Users\\amang\\sale-crm\\salecrmbd\\src\\errors\\AppError.js": {"path":"C:\\Users\\amang\\sale-crm\\salecrmbd\\src\\errors\\AppError.js","statementMap":{"0":{"start":{"line":12,"column":8},"end":{"line":12,"column":23}},"1":{"start":{"line":13,"column":8},"end":{"line":13,"column":37}},"2":{"start":{"line":14,"column":8},"end":{"line":14,"column":25}},"3":{"start":{"line":15,"column":8},"end":{"line":15,"column":31}},"4":{"start":{"line":16,"column":8},"end":{"line":16,"column":50}},"5":{"start":{"line":17,"column":8},"end":{"line":17,"column":56}},"6":{"start":{"line":21,"column":8},"end":{"line":30,"column":10}}},"fnMap":{"0":{"name":"(anonymous_0)","decl":{"start":{"line":11,"column":4},"end":{"line":11,"column":5}},"loc":{"start":{"line":11,"column":91},"end":{"line":18,"column":5}},"line":11},"1":{"name":"(anonymous_1)","decl":{"start":{"line":20,"column":4},"end":{"line":20,"column":5}},"loc":{"start":{"line":20,"column":13},"end":{"line":31,"column":5}},"line":20}},"branchMap":{"0":{"loc":{"start":{"line":11,"column":25},"end":{"line":11,"column":41}},"type":"default-arg","locations":[{"start":{"line":11,"column":38},"end":{"line":11,"column":41}}],"line":11},"1":{"loc":{"start":{"line":11,"column":43},"end":{"line":11,"column":73}},"type":"default-arg","locations":[{"start":{"line":11,"column":50},"end":{"line":11,"column":73}}],"line":11},"2":{"loc":{"start":{"line":11,"column":75},"end":{"line":11,"column":89}},"type":"default-arg","locations":[{"start":{"line":11,"column":85},"end":{"line":11,"column":89}}],"line":11},"3":{"loc":{"start":{"line":27,"column":20},"end":{"line":27,"column":61}},"type":"binary-expr","locations":[{"start":{"line":27,"column":20},"end":{"line":27,"column":32}},{"start":{"line":27,"column":36},"end":{"line":27,"column":61}}],"line":27}},"s":{"0":10,"1":10,"2":10,"3":10,"4":10,"5":10,"6":0},"f":{"0":10,"1":0},"b":{"0":[0],"1":[0],"2":[10],"3":[0,0]},"inputSourceMap":null,"_coverageSchema":"1a1c01bbd47fc00a2c39e90264f33305004495a9","hash":"54c75c060194048e9e4ff23ab21709d1cf2eec88"}
,"C:\\Users\\amang\\sale-crm\\salecrmbd\\src\\errors\\ErrorCode.js": {"path":"C:\\Users\\amang\\sale-crm\\salecrmbd\\src\\errors\\ErrorCode.js","statementMap":{"0":{"start":{"line":4,"column":25},"end":{"line":15,"column":1}}},"fnMap":{},"branchMap":{},"s":{"0":1},"f":{},"b":{},"inputSourceMap":null,"_coverageSchema":"1a1c01bbd47fc00a2c39e90264f33305004495a9","hash":"45c903edc2595a5500eb4a74a796cb077429b2cb"}
,"C:\\Users\\amang\\sale-crm\\salecrmbd\\src\\errors\\index.js": {"path":"C:\\Users\\amang\\sale-crm\\salecrmbd\\src\\errors\\index.js","statementMap":{},"fnMap":{},"branchMap":{},"s":{},"f":{},"b":{},"inputSourceMap":null,"_coverageSchema":"1a1c01bbd47fc00a2c39e90264f33305004495a9","hash":"41ed522d0b93b1966a4cd9ff80dd9228e8b2e0be"}
,"C:\\Users\\amang\\sale-crm\\salecrmbd\\src\\modules\\inventory\\__tests__\\harness.js": {"path":"C:\\Users\\amang\\sale-crm\\salecrmbd\\src\\modules\\inventory\\__tests__\\harness.js","statementMap":{"0":{"start":{"line":6,"column":19},"end":{"line":6,"column":28}},"1":{"start":{"line":7,"column":23},"end":{"line":7,"column":32}},"2":{"start":{"line":9,"column":21},"end":{"line":9,"column":88}},"3":{"start":{"line":9,"column":53},"end":{"line":9,"column":88}},"4":{"start":{"line":11,"column":20},"end":{"line":22,"column":5}},"5":{"start":{"line":12,"column":8},"end":{"line":12,"column":66}},"6":{"start":{"line":12,"column":41},"end":{"line":12,"column":66}},"7":{"start":{"line":13,"column":21},"end":{"line":13,"column":61}},"8":{"start":{"line":15,"column":21},"end":{"line":17,"column":10}},"9":{"start":{"line":16,"column":12},"end":{"line":16,"column":30}},"10":{"start":{"line":18,"column":8},"end":{"line":18,"column":51}},"11":{"start":{"line":18,"column":44},"end":{"line":18,"column":48}},"12":{"start":{"line":19,"column":8},"end":{"line":21,"column":11}},"13":{"start":{"line":20,"column":12},"end":{"line":20,"column":49}},"14":{"start":{"line":24,"column":22},"end":{"line":36,"column":5}},"15":{"start":{"line":26,"column":32},"end":{"line":29,"column":13}},"16":{"start":{"line":30,"column":12},"end":{"line":34,"column":13}},"17":{"start":{"line":31,"column":16},"end":{"line":31,"column":45}},"18":{"start":{"line":33,"column":16},"end":{"line":33,"column":77}},"19":{"start":{"line":33,"column":67},"end":{"line":33,"column":77}},"20":{"start":{"line":39,"column":8},"end":{"line":48,"column":10}},"21":{"start":{"line":40,"column":33},"end":{"line":40,"column":57}},"22":{"start":{"line":41,"column":29},"end":{"line":41,"column":49}},"23":{"start":{"line":42,"column":30},"end":{"line":42,"column":55}},"24":{"start":{"line":43,"column":28},"end":{"line":43,"column":47}},"25":{"start":{"line":44,"column":29},"end":{"line":44,"column":53}},"26":{"start":{"line":46,"column":16},"end":{"line":46,"column":37}},"27":{"start":{"line":51,"column":23},"end":{"line":83,"column":5}},"28":{"start":{"line":54,"column":24},"end":{"line":54,"column":81}},"29":{"start":{"line":55,"column":12},"end":{"line":57,"column":13}},"30":{"start":{"line":56,"column":16},"end":{"line":56,"column":48}},"31":{"start":{"line":58,"column":24},"end":{"line":58,"column":39}},"32":{"start":{"line":59,"column":12},"end":{"line":59,"column":52}},"33":{"start":{"line":62,"column":24},"end":{"line":62,"column":81}},"34":{"start":{"line":63,"column":12},"end":{"line":67,"column":13}},"35":{"start":{"line":64,"column":28},"end":{"line":64,"column":50}},"36":{"start":{"line":65,"column":16},"end":{"line":65,"column":60}},"37":{"start":{"line":66,"column":16},"end":{"line":66,"column":26}},"38":{"start":{"line":68,"column":24},"end":{"line":74,"column":13}},"39":{"start":{"line":75,"column":12},"end":{"line":75,"column":33}},"40":{"start":{"line":76,"column":12},"end":{"line":76,"column":39}},"41":{"start":{"line":79,"column":12},"end":{"line":81,"column":99}},"42":{"start":{"line":80,"column":33},"end":{"line":80,"column":93}},"43":{"start":{"line":81,"column":30},"end":{"line":81,"column":97}},"44":{"start":{"line":85,"column":19},"end":{"line":103,"column":5}},"45":{"start":{"line":88,"column":43},"end":{"line":88,"column":118}},"46":{"start":{"line":91,"column":43},"end":{"line":91,"column":95}},"47":{"start":{"line":94,"column":37},"end":{"line":94,"column":42}},"48":{"start":{"line":97,"column":34},"end":{"line":97,"column":67}},"49":{"start":{"line":100,"column":33},"end":{"line":100,"column":37}},"50":{"start":{"line":101,"column":35},"end":{"line":101,"column":38}},"51":{"start":{"line":105,"column":4},"end":{"line":111,"column":6}},"52":{"start":{"line":108,"column":24},"end":{"line":108,"column":72}},"53":{"start":{"line":109,"column":12},"end":{"line":109,"column":50}}},"fnMap":{"0":{"name":"createConcurrentStockHarness","decl":{"start":{"line":5,"column":16},"end":{"line":5,"column":44}},"loc":{"start":{"line":5,"column":47},"end":{"line":112,"column":1}},"line":5},"1":{"name":"(anonymous_1)","decl":{"start":{"line":9,"column":21},"end":{"line":9,"column":22}},"loc":{"start":{"line":9,"column":53},"end":{"line":9,"column":88}},"line":9},"2":{"name":"(anonymous_2)","decl":{"start":{"line":11,"column":20},"end":{"line":11,"column":21}},"loc":{"start":{"line":11,"column":42},"end":{"line":22,"column":5}},"line":11},"3":{"name":"(anonymous_3)","decl":{"start":{"line":15,"column":33},"end":{"line":15,"column":34}},"loc":{"start":{"line":15,"column":46},"end":{"line":17,"column":9}},"line":15},"4":{"name":"(anonymous_4)","decl":{"start":{"line":18,"column":38},"end":{"line":18,"column":39}},"loc":{"start":{"line":18,"column":44},"end":{"line":18,"column":48}},"line":18},"5":{"name":"(anonymous_5)","decl":{"start":{"line":19,"column":25},"end":{"line":19,"column":26}},"loc":{"start":{"line":19,"column":31},"end":{"line":21,"column":9}},"line":19},"6":{"name":"(anonymous_6)","decl":{"start":{"line":25,"column":8},"end":{"line":25,"column":9}},"loc":{"start":{"line":25,"column":30},"end":{"line":35,"column":9}},"line":25},"7":{"name":"wrapLevel","decl":{"start":{"line":38,"column":13},"end":{"line":38,"column":22}},"loc":{"start":{"line":38,"column":33},"end":{"line":49,"column":5}},"line":38},"8":{"name":"(anonymous_8)","decl":{"start":{"line":40,"column":12},"end":{"line":40,"column":13}},"loc":{"start":{"line":40,"column":31},"end":{"line":40,"column":59}},"line":40},"9":{"name":"(anonymous_9)","decl":{"start":{"line":41,"column":12},"end":{"line":41,"column":13}},"loc":{"start":{"line":41,"column":27},"end":{"line":41,"column":51}},"line":41},"10":{"name":"(anonymous_10)","decl":{"start":{"line":42,"column":12},"end":{"line":42,"column":13}},"loc":{"start":{"line":42,"column":28},"end":{"line":42,"column":57}},"line":42},"11":{"name":"(anonymous_11)","decl":{"start":{"line":43,"column":12},"end":{"line":43,"column":13}},"loc":{"start":{"line":43,"column":26},"end":{"line":43,"column":49}},"line":43},"12":{"name":"(anonymous_12)","decl":{"start":{"line":44,"column":12},"end":{"line":44,"column":13}},"loc":{"start":{"line":44,"column":27},"end":{"line":44,"column":55}},"line":44},"13":{"name":"(anonymous_13)","decl":{"start":{"line":45,"column":12},"end":{"line":45,"column":13}},"loc":{"start":{"line":45,"column":25},"end":{"line":47,"column":13}},"line":45},"14":{"name":"(anonymous_14)","decl":{"start":{"line":53,"column":8},"end":{"line":53,"column":9}},"loc":{"start":{"line":53,"column":52},"end":{"line":60,"column":9}},"line":53},"15":{"name":"(anonymous_15)","decl":{"start":{"line":61,"column":8},"end":{"line":61,"column":9}},"loc":{"start":{"line":61,"column":28},"end":{"line":77,"column":9}},"line":61},"16":{"name":"(anonymous_16)","decl":{"start":{"line":78,"column":8},"end":{"line":78,"column":9}},"loc":{"start":{"line":78,"column":33},"end":{"line":82,"column":9}},"line":78},"17":{"name":"(anonymous_17)","decl":{"start":{"line":80,"column":24},"end":{"line":80,"column":25}},"loc":{"start":{"line":80,"column":33},"end":{"line":80,"column":93}},"line":80},"18":{"name":"(anonymous_18)","decl":{"start":{"line":81,"column":21},"end":{"line":81,"column":22}},"loc":{"start":{"line":81,"column":30},"end":{"line":81,"column":97}},"line":81},"19":{"name":"(anonymous_19)","decl":{"start":{"line":88,"column":21},"end":{"line":88,"column":22}},"loc":{"start":{"line":88,"column":43},"end":{"line":88,"column":118}},"line":88},"20":{"name":"(anonymous_20)","decl":{"start":{"line":91,"column":21},"end":{"line":91,"column":22}},"loc":{"start":{"line":91,"column":43},"end":{"line":91,"column":95}},"line":91},"21":{"name":"(anonymous_21)","decl":{"start":{"line":94,"column":20},"end":{"line":94,"column":21}},"loc":{"start":{"line":94,"column":37},"end":{"line":94,"column":42}},"line":94},"22":{"name":"(anonymous_22)","decl":{"start":{"line":97,"column":21},"end":{"line":97,"column":22}},"loc":{"start":{"line":97,"column":34},"end":{"line":97,"column":67}},"line":97},"23":{"name":"(anonymous_23)","decl":{"start":{"line":100,"column":21},"end":{"line":100,"column":22}},"loc":{"start":{"line":100,"column":33},"end":{"line":100,"column":37}},"line":100},"24":{"name":"(anonymous_24)","decl":{"start":{"line":101,"column":20},"end":{"line":101,"column":21}},"loc":{"start":{"line":101,"column":35},"end":{"line":101,"column":38}},"line":101},"25":{"name":"(anonymous_25)","decl":{"start":{"line":107,"column":21},"end":{"line":107,"column":22}},"loc":{"start":{"line":107,"column":53},"end":{"line":110,"column":9}},"line":107}},"branchMap":{"0":{"loc":{"start":{"line":12,"column":8},"end":{"line":12,"column":66}},"type":"if","locations":[{"start":{"line":12,"column":8},"end":{"line":12,"column":66}},{"start":{},"end":{}}],"line":12},"1":{"loc":{"start":{"line":13,"column":21},"end":{"line":13,"column":61}},"type":"binary-expr","locations":[{"start":{"line":13,"column":21},"end":{"line":13,"column":40}},{"start":{"line":13,"column":44},"end":{"line":13,"column":61}}],"line":13},"2":{"loc":{"start":{"line":55,"column":12},"end":{"line":57,"column":13}},"type":"if","locations":[{"start":{"line":55,"column":12},"end":{"line":57,"column":13}},{"start":{},"end":{}}],"line":55},"3":{"loc":{"start":{"line":55,"column":16},"end":{"line":55,"column":35}},"type":"binary-expr","locations":[{"start":{"line":55,"column":16},"end":{"line":55,"column":20}},{"start":{"line":55,"column":24},"end":{"line":55,"column":35}}],"line":55},"4":{"loc":{"start":{"line":59,"column":19},"end":{"line":59,"column":51}},"type":"cond-expr","locations":[{"start":{"line":59,"column":25},"end":{"line":59,"column":44}},{"start":{"line":59,"column":47},"end":{"line":59,"column":51}}],"line":59},"5":{"loc":{"start":{"line":63,"column":12},"end":{"line":67,"column":13}},"type":"if","locations":[{"start":{"line":63,"column":12},"end":{"line":67,"column":13}},{"start":{},"end":{}}],"line":63},"6":{"loc":{"start":{"line":72,"column":33},"end":{"line":72,"column":52}},"type":"binary-expr","locations":[{"start":{"line":72,"column":33},"end":{"line":72,"column":47}},{"start":{"line":72,"column":51},"end":{"line":72,"column":52}}],"line":72},"7":{"loc":{"start":{"line":73,"column":32},"end":{"line":73,"column":50}},"type":"binary-expr","locations":[{"start":{"line":73,"column":32},"end":{"line":73,"column":45}},{"start":{"line":73,"column":49},"end":{"line":73,"column":50}}],"line":73},"8":{"loc":{"start":{"line":80,"column":33},"end":{"line":80,"column":93}},"type":"binary-expr","locations":[{"start":{"line":80,"column":33},"end":{"line":80,"column":60}},{"start":{"line":80,"column":64},"end":{"line":80,"column":93}}],"line":80},"9":{"loc":{"start":{"line":88,"column":43},"end":{"line":88,"column":118}},"type":"cond-expr","locations":[{"start":{"line":88,"column":54},"end":{"line":88,"column":111}},{"start":{"line":88,"column":114},"end":{"line":88,"column":118}}],"line":88},"10":{"loc":{"start":{"line":91,"column":43},"end":{"line":91,"column":95}},"type":"cond-expr","locations":[{"start":{"line":91,"column":54},"end":{"line":91,"column":88}},{"start":{"line":91,"column":91},"end":{"line":91,"column":95}}],"line":91},"11":{"loc":{"start":{"line":109,"column":19},"end":{"line":109,"column":49}},"type":"cond-expr","locations":[{"start":{"line":109,"column":25},"end":{"line":109,"column":45}},{"start":{"line":109,"column":48},"end":{"line":109,"column":49}}],"line":109}},"s":{"0":3,"1":3,"2":3,"3":127,"4":3,"5":117,"6":4,"7":113,"8":113,"9":113,"10":113,"11":113,"12":113,"13":113,"14":3,"15":98,"16":98,"17":98,"18":98,"19":113,"20":117,"21":30,"22":113,"23":103,"24":103,"25":103,"26":103,"27":3,"28":117,"29":117,"30":117,"31":117,"32":117,"33":4,"34":4,"35":0,"36":0,"37":0,"38":4,"39":4,"40":4,"41":0,"42":0,"43":0,"44":3,"45":98,"46":113,"47":88,"48":88,"49":0,"50":0,"51":3,"52":6,"53":6},"f":{"0":3,"1":127,"2":117,"3":113,"4":113,"5":113,"6":98,"7":117,"8":30,"9":113,"10":103,"11":103,"12":103,"13":103,"14":117,"15":4,"16":0,"17":0,"18":0,"19":98,"20":113,"21":88,"22":88,"23":0,"24":0,"25":6},"b":{"0":[4,113],"1":[113,4],"2":[117,0],"3":[117,117],"4":[113,4],"5":[0,4],"6":[4,0],"7":[4,0],"8":[0,0],"9":[98,0],"10":[113,0],"11":[6,0]},"inputSourceMap":null,"_coverageSchema":"1a1c01bbd47fc00a2c39e90264f33305004495a9","hash":"7d538cff426810ba7d38704e8d18a1fb1066cf9b"}
,"C:\\Users\\amang\\sale-crm\\salecrmbd\\src\\modules\\inventory\\service\\LowStockAlertService.js": {"path":"C:\\Users\\amang\\sale-crm\\salecrmbd\\src\\modules\\inventory\\service\\LowStockAlertService.js","statementMap":{"0":{"start":{"line":6,"column":8},"end":{"line":6,"column":29}},"1":{"start":{"line":10,"column":60},"end":{"line":10,"column":71}},"2":{"start":{"line":11,"column":8},"end":{"line":18,"column":11}},"3":{"start":{"line":22,"column":65},"end":{"line":22,"column":76}},"4":{"start":{"line":23,"column":25},"end":{"line":23,"column":86}},"5":{"start":{"line":24,"column":8},"end":{"line":24,"column":69}},"6":{"start":{"line":24,"column":59},"end":{"line":24,"column":69}},"7":{"start":{"line":26,"column":21},"end":{"line":26,"column":90}},"8":{"start":{"line":27,"column":8},"end":{"line":27,"column":29}},"9":{"start":{"line":27,"column":19},"end":{"line":27,"column":29}},"10":{"start":{"line":29,"column":26},"end":{"line":31,"column":52}},"11":{"start":{"line":33,"column":23},"end":{"line":33,"column":94}},"12":{"start":{"line":34,"column":24},"end":{"line":34,"column":26}},"13":{"start":{"line":35,"column":8},"end":{"line":37,"column":9}},"14":{"start":{"line":36,"column":12},"end":{"line":36,"column":86}},"15":{"start":{"line":38,"column":8},"end":{"line":38,"column":39}},"16":{"start":{"line":45,"column":65},"end":{"line":45,"column":76}},"17":{"start":{"line":46,"column":29},"end":{"line":46,"column":105}},"18":{"start":{"line":47,"column":21},"end":{"line":47,"column":22}},"19":{"start":{"line":49,"column":8},"end":{"line":67,"column":9}},"20":{"start":{"line":50,"column":26},"end":{"line":50,"column":41}},"21":{"start":{"line":51,"column":26},"end":{"line":51,"column":101}},"22":{"start":{"line":52,"column":12},"end":{"line":66,"column":13}},"23":{"start":{"line":53,"column":34},"end":{"line":55,"column":60}},"24":{"start":{"line":56,"column":31},"end":{"line":56,"column":103}},"25":{"start":{"line":57,"column":16},"end":{"line":65,"column":17}},"26":{"start":{"line":58,"column":34},"end":{"line":58,"column":93}},"27":{"start":{"line":59,"column":20},"end":{"line":64,"column":21}},"28":{"start":{"line":60,"column":24},"end":{"line":60,"column":55}},"29":{"start":{"line":61,"column":24},"end":{"line":61,"column":43}},"30":{"start":{"line":62,"column":24},"end":{"line":62,"column":36}},"31":{"start":{"line":63,"column":24},"end":{"line":63,"column":157}},"32":{"start":{"line":69,"column":8},"end":{"line":69,"column":68}},"33":{"start":{"line":73,"column":34},"end":{"line":73,"column":45}},"34":{"start":{"line":74,"column":20},"end":{"line":74,"column":44}},"35":{"start":{"line":75,"column":21},"end":{"line":82,"column":10}},"36":{"start":{"line":84,"column":8},"end":{"line":100,"column":9}},"37":{"start":{"line":85,"column":12},"end":{"line":90,"column":13}},"38":{"start":{"line":86,"column":16},"end":{"line":86,"column":36}},"39":{"start":{"line":87,"column":16},"end":{"line":87,"column":43}},"40":{"start":{"line":88,"column":16},"end":{"line":88,"column":34}},"41":{"start":{"line":89,"column":16},"end":{"line":89,"column":28}},"42":{"start":{"line":91,"column":12},"end":{"line":99,"column":15}},"43":{"start":{"line":102,"column":8},"end":{"line":107,"column":9}},"44":{"start":{"line":103,"column":12},"end":{"line":103,"column":37}},"45":{"start":{"line":104,"column":12},"end":{"line":104,"column":32}},"46":{"start":{"line":105,"column":12},"end":{"line":105,"column":30}},"47":{"start":{"line":106,"column":12},"end":{"line":106,"column":24}},"48":{"start":{"line":108,"column":8},"end":{"line":108,"column":20}}},"fnMap":{"0":{"name":"(anonymous_0)","decl":{"start":{"line":5,"column":4},"end":{"line":5,"column":5}},"loc":{"start":{"line":5,"column":24},"end":{"line":7,"column":5}},"line":5},"1":{"name":"(anonymous_1)","decl":{"start":{"line":9,"column":4},"end":{"line":9,"column":5}},"loc":{"start":{"line":9,"column":26},"end":{"line":19,"column":5}},"line":9},"2":{"name":"(anonymous_2)","decl":{"start":{"line":21,"column":4},"end":{"line":21,"column":5}},"loc":{"start":{"line":21,"column":40},"end":{"line":39,"column":5}},"line":21},"3":{"name":"(anonymous_3)","decl":{"start":{"line":44,"column":4},"end":{"line":44,"column":5}},"loc":{"start":{"line":44,"column":31},"end":{"line":70,"column":5}},"line":44},"4":{"name":"(anonymous_4)","decl":{"start":{"line":72,"column":4},"end":{"line":72,"column":5}},"loc":{"start":{"line":72,"column":59},"end":{"line":109,"column":5}},"line":72}},"branchMap":{"0":{"loc":{"start":{"line":24,"column":8},"end":{"line":24,"column":69}},"type":"if","locations":[{"start":{"line":24,"column":8},"end":{"line":24,"column":69}},{"start":{},"end":{}}],"line":24},"1":{"loc":{"start":{"line":24,"column":12},"end":{"line":24,"column":57}},"type":"binary-expr","locations":[{"start":{"line":24,"column":12},"end":{"line":24,"column":21}},{"start":{"line":24,"column":25},"end":{"line":24,"column":57}}],"line":24},"2":{"loc":{"start":{"line":27,"column":8},"end":{"line":27,"column":29}},"type":"if","locations":[{"start":{"line":27,"column":8},"end":{"line":27,"column":29}},{"start":{},"end":{}}],"line":27},"3":{"loc":{"start":{"line":29,"column":26},"end":{"line":31,"column":52}},"type":"cond-expr","locations":[{"start":{"line":30,"column":14},"end":{"line":30,"column":48}},{"start":{"line":31,"column":14},"end":{"line":31,"column":52}}],"line":29},"4":{"loc":{"start":{"line":53,"column":34},"end":{"line":55,"column":60}},"type":"cond-expr","locations":[{"start":{"line":54,"column":22},"end":{"line":54,"column":56}},{"start":{"line":55,"column":22},"end":{"line":55,"column":60}}],"line":53},"5":{"loc":{"start":{"line":59,"column":20},"end":{"line":64,"column":21}},"type":"if","locations":[{"start":{"line":59,"column":20},"end":{"line":64,"column":21}},{"start":{},"end":{}}],"line":59},"6":{"loc":{"start":{"line":59,"column":24},"end":{"line":59,"column":70}},"type":"binary-expr","locations":[{"start":{"line":59,"column":24},"end":{"line":59,"column":48}},{"start":{"line":59,"column":52},"end":{"line":59,"column":70}}],"line":59},"7":{"loc":{"start":{"line":84,"column":8},"end":{"line":100,"column":9}},"type":"if","locations":[{"start":{"line":84,"column":8},"end":{"line":100,"column":9}},{"start":{},"end":{}}],"line":84},"8":{"loc":{"start":{"line":85,"column":12},"end":{"line":90,"column":13}},"type":"if","locations":[{"start":{"line":85,"column":12},"end":{"line":90,"column":13}},{"start":{},"end":{}}],"line":85},"9":{"loc":{"start":{"line":102,"column":8},"end":{"line":107,"column":9}},"type":"if","locations":[{"start":{"line":102,"column":8},"end":{"line":107,"column":9}},{"start":{},"end":{}}],"line":102}},"s":{"0":3,"1":0,"2":0,"3":88,"4":88,"5":88,"6":88,"7":0,"8":0,"9":0,"10":0,"11":0,"12":0,"13":0,"14":0,"15":0,"16":0,"17":0,"18":0,"19":0,"20":0,"21":0,"22":0,"23":0,"24":0,"25":0,"26":0,"27":0,"28":0,"29":0,"30":0,"31":0,"32":0,"33":0,"34":0,"35":0,"36":0,"37":0,"38":0,"39":0,"40":0,"41":0,"42":0,"43":0,"44":0,"45":0,"46":0,"47":0,"48":0},"f":{"0":3,"1":0,"2":88,"3":0,"4":0},"b":{"0":[88,0],"1":[88,88],"2":[0,0],"3":[0,0],"4":[0,0],"5":[0,0],"6":[0,0],"7":[0,0],"8":[0,0],"9":[0,0]},"inputSourceMap":null,"_coverageSchema":"1a1c01bbd47fc00a2c39e90264f33305004495a9","hash":"e7b35ce238820969dbc75866fd726d3ad9047d9f"}
,"C:\\Users\\amang\\sale-crm\\salecrmbd\\src\\modules\\inventory\\service\\StockService.js": {"path":"C:\\Users\\amang\\sale-crm\\salecrmbd\\src\\modules\\inventory\\service\\StockService.js","statementMap":{"0":{"start":{"line":13,"column":8},"end":{"line":13,"column":29}},"1":{"start":{"line":14,"column":8},"end":{"line":14,"column":61}},"2":{"start":{"line":18,"column":21},"end":{"line":18,"column":33}},"3":{"start":{"line":19,"column":8},"end":{"line":21,"column":9}},"4":{"start":{"line":20,"column":12},"end":{"line":20,"column":120}},"5":{"start":{"line":22,"column":25},"end":{"line":22,"column":56}},"6":{"start":{"line":23,"column":8},"end":{"line":25,"column":9}},"7":{"start":{"line":24,"column":12},"end":{"line":24,"column":109}},"8":{"start":{"line":27,"column":21},"end":{"line":27,"column":110}},"9":{"start":{"line":28,"column":8},"end":{"line":28,"column":83}},"10":{"start":{"line":28,"column":19},"end":{"line":28,"column":83}},"11":{"start":{"line":30,"column":26},"end":{"line":30,"column":58}},"12":{"start":{"line":32,"column":23},"end":{"line":90,"column":10}},"13":{"start":{"line":33,"column":12},"end":{"line":76,"column":13}},"14":{"start":{"line":34,"column":16},"end":{"line":34,"column":72}},"15":{"start":{"line":35,"column":30},"end":{"line":35,"column":109}},"16":{"start":{"line":36,"column":16},"end":{"line":36,"column":69}},"17":{"start":{"line":37,"column":16},"end":{"line":37,"column":60}},"18":{"start":{"line":38,"column":16},"end":{"line":38,"column":50}},"19":{"start":{"line":39,"column":19},"end":{"line":76,"column":13}},"20":{"start":{"line":40,"column":16},"end":{"line":40,"column":72}},"21":{"start":{"line":41,"column":30},"end":{"line":41,"column":109}},"22":{"start":{"line":42,"column":32},"end":{"line":42,"column":56}},"23":{"start":{"line":43,"column":16},"end":{"line":45,"column":17}},"24":{"start":{"line":44,"column":20},"end":{"line":44,"column":110}},"25":{"start":{"line":46,"column":16},"end":{"line":46,"column":52}},"26":{"start":{"line":47,"column":16},"end":{"line":47,"column":60}},"27":{"start":{"line":48,"column":16},"end":{"line":48,"column":50}},"28":{"start":{"line":50,"column":31},"end":{"line":50,"column":54}},"29":{"start":{"line":51,"column":29},"end":{"line":51,"column":50}},"30":{"start":{"line":52,"column":16},"end":{"line":54,"column":17}},"31":{"start":{"line":53,"column":20},"end":{"line":53,"column":119}},"32":{"start":{"line":55,"column":16},"end":{"line":55,"column":59}},"33":{"start":{"line":56,"column":16},"end":{"line":56,"column":57}},"34":{"start":{"line":59,"column":32},"end":{"line":59,"column":77}},"35":{"start":{"line":60,"column":33},"end":{"line":60,"column":78}},"36":{"start":{"line":61,"column":30},"end":{"line":61,"column":97}},"37":{"start":{"line":62,"column":31},"end":{"line":62,"column":99}},"38":{"start":{"line":63,"column":34},"end":{"line":63,"column":96}},"39":{"start":{"line":64,"column":32},"end":{"line":64,"column":92}},"40":{"start":{"line":66,"column":32},"end":{"line":66,"column":60}},"41":{"start":{"line":67,"column":16},"end":{"line":69,"column":17}},"42":{"start":{"line":68,"column":20},"end":{"line":68,"column":122}},"43":{"start":{"line":70,"column":16},"end":{"line":70,"column":56}},"44":{"start":{"line":71,"column":16},"end":{"line":71,"column":68}},"45":{"start":{"line":72,"column":16},"end":{"line":72,"column":73}},"46":{"start":{"line":73,"column":16},"end":{"line":73,"column":64}},"47":{"start":{"line":74,"column":16},"end":{"line":74,"column":54}},"48":{"start":{"line":75,"column":16},"end":{"line":75,"column":52}},"49":{"start":{"line":78,"column":31},"end":{"line":87,"column":31}},"50":{"start":{"line":89,"column":12},"end":{"line":89,"column":30}},"51":{"start":{"line":92,"column":8},"end":{"line":92,"column":63}},"52":{"start":{"line":93,"column":8},"end":{"line":93,"column":22}},"53":{"start":{"line":97,"column":26},"end":{"line":99,"column":10}},"54":{"start":{"line":100,"column":8},"end":{"line":100,"column":93}},"55":{"start":{"line":100,"column":24},"end":{"line":100,"column":93}},"56":{"start":{"line":101,"column":8},"end":{"line":101,"column":25}},"57":{"start":{"line":105,"column":31},"end":{"line":105,"column":42}},"58":{"start":{"line":106,"column":25},"end":{"line":110,"column":9}},"59":{"start":{"line":112,"column":20},"end":{"line":112,"column":54}},"60":{"start":{"line":113,"column":8},"end":{"line":113,"column":32}},"61":{"start":{"line":113,"column":19},"end":{"line":113,"column":32}},"62":{"start":{"line":115,"column":8},"end":{"line":125,"column":9}},"63":{"start":{"line":116,"column":12},"end":{"line":122,"column":32}},"64":{"start":{"line":127,"column":8},"end":{"line":127,"column":51}},"65":{"start":{"line":128,"column":8},"end":{"line":130,"column":9}},"66":{"start":{"line":129,"column":12},"end":{"line":129,"column":100}},"67":{"start":{"line":131,"column":8},"end":{"line":131,"column":21}}},"fnMap":{"0":{"name":"(anonymous_0)","decl":{"start":{"line":12,"column":4},"end":{"line":12,"column":5}},"loc":{"start":{"line":12,"column":24},"end":{"line":15,"column":5}},"line":12},"1":{"name":"(anonymous_1)","decl":{"start":{"line":17,"column":4},"end":{"line":17,"column":5}},"loc":{"start":{"line":17,"column":44},"end":{"line":94,"column":5}},"line":17},"2":{"name":"(anonymous_2)","decl":{"start":{"line":32,"column":51},"end":{"line":32,"column":52}},"loc":{"start":{"line":32,"column":74},"end":{"line":90,"column":9}},"line":32},"3":{"name":"(anonymous_3)","decl":{"start":{"line":96,"column":4},"end":{"line":96,"column":5}},"loc":{"start":{"line":96,"column":47},"end":{"line":102,"column":5}},"line":96},"4":{"name":"(anonymous_4)","decl":{"start":{"line":104,"column":4},"end":{"line":104,"column":5}},"loc":{"start":{"line":104,"column":70},"end":{"line":132,"column":5}},"line":104}},"branchMap":{"0":{"loc":{"start":{"line":19,"column":8},"end":{"line":21,"column":9}},"type":"if","locations":[{"start":{"line":19,"column":8},"end":{"line":21,"column":9}},{"start":{},"end":{}}],"line":19},"1":{"loc":{"start":{"line":23,"column":8},"end":{"line":25,"column":9}},"type":"if","locations":[{"start":{"line":23,"column":8},"end":{"line":25,"column":9}},{"start":{},"end":{}}],"line":23},"2":{"loc":{"start":{"line":23,"column":12},"end":{"line":23,"column":55}},"type":"binary-expr","locations":[{"start":{"line":23,"column":12},"end":{"line":23,"column":38}},{"start":{"line":23,"column":42},"end":{"line":23,"column":55}}],"line":23},"3":{"loc":{"start":{"line":28,"column":8},"end":{"line":28,"column":83}},"type":"if","locations":[{"start":{"line":28,"column":8},"end":{"line":28,"column":83}},{"start":{},"end":{}}],"line":28},"4":{"loc":{"start":{"line":33,"column":12},"end":{"line":76,"column":13}},"type":"if","locations":[{"start":{"line":33,"column":12},"end":{"line":76,"column":13}},{"start":{"line":39,"column":19},"end":{"line":76,"column":13}}],"line":33},"5":{"loc":{"start":{"line":39,"column":19},"end":{"line":76,"column":13}},"type":"if","locations":[{"start":{"line":39,"column":19},"end":{"line":76,"column":13}},{"start":{"line":49,"column":19},"end":{"line":76,"column":13}}],"line":39},"6":{"loc":{"start":{"line":43,"column":16},"end":{"line":45,"column":17}},"type":"if","locations":[{"start":{"line":43,"column":16},"end":{"line":45,"column":17}},{"start":{},"end":{}}],"line":43},"7":{"loc":{"start":{"line":52,"column":16},"end":{"line":54,"column":17}},"type":"if","locations":[{"start":{"line":52,"column":16},"end":{"line":54,"column":17}},{"start":{},"end":{}}],"line":52},"8":{"loc":{"start":{"line":52,"column":20},"end":{"line":52,"column":71}},"type":"binary-expr","locations":[{"start":{"line":52,"column":20},"end":{"line":52,"column":27}},{"start":{"line":52,"column":31},"end":{"line":52,"column":36}},{"start":{"line":52,"column":40},"end":{"line":52,"column":71}}],"line":52},"9":{"loc":{"start":{"line":59,"column":32},"end":{"line":59,"column":77}},"type":"cond-expr","locations":[{"start":{"line":59,"column":64},"end":{"line":59,"column":70}},{"start":{"line":59,"column":73},"end":{"line":59,"column":77}}],"line":59},"10":{"loc":{"start":{"line":60,"column":33},"end":{"line":60,"column":78}},"type":"cond-expr","locations":[{"start":{"line":60,"column":65},"end":{"line":60,"column":69}},{"start":{"line":60,"column":72},"end":{"line":60,"column":78}}],"line":60},"11":{"loc":{"start":{"line":63,"column":34},"end":{"line":63,"column":96}},"type":"cond-expr","locations":[{"start":{"line":63,"column":82},"end":{"line":63,"column":87}},{"start":{"line":63,"column":90},"end":{"line":63,"column":96}}],"line":63},"12":{"loc":{"start":{"line":64,"column":32},"end":{"line":64,"column":92}},"type":"cond-expr","locations":[{"start":{"line":64,"column":78},"end":{"line":64,"column":83}},{"start":{"line":64,"column":86},"end":{"line":64,"column":92}}],"line":64},"13":{"loc":{"start":{"line":67,"column":16},"end":{"line":69,"column":17}},"type":"if","locations":[{"start":{"line":67,"column":16},"end":{"line":69,"column":17}},{"start":{},"end":{}}],"line":67},"14":{"loc":{"start":{"line":83,"column":35},"end":{"line":83,"column":130}},"type":"cond-expr","locations":[{"start":{"line":83,"column":57},"end":{"line":83,"column":80}},{"start":{"line":83,"column":84},"end":{"line":83,"column":129}}],"line":83},"15":{"loc":{"start":{"line":83,"column":84},"end":{"line":83,"column":129}},"type":"cond-expr","locations":[{"start":{"line":83,"column":103},"end":{"line":83,"column":122}},{"start":{"line":83,"column":125},"end":{"line":83,"column":129}}],"line":83},"16":{"loc":{"start":{"line":84,"column":33},"end":{"line":84,"column":128}},"type":"cond-expr","locations":[{"start":{"line":84,"column":55},"end":{"line":84,"column":76}},{"start":{"line":84,"column":80},"end":{"line":84,"column":127}}],"line":84},"17":{"loc":{"start":{"line":84,"column":80},"end":{"line":84,"column":127}},"type":"cond-expr","locations":[{"start":{"line":84,"column":101},"end":{"line":84,"column":120}},{"start":{"line":84,"column":123},"end":{"line":84,"column":127}}],"line":84},"18":{"loc":{"start":{"line":85,"column":24},"end":{"line":85,"column":54}},"type":"binary-expr","locations":[{"start":{"line":85,"column":24},"end":{"line":85,"column":46}},{"start":{"line":85,"column":50},"end":{"line":85,"column":54}}],"line":85},"19":{"loc":{"start":{"line":86,"column":28},"end":{"line":86,"column":45}},"type":"binary-expr","locations":[{"start":{"line":86,"column":28},"end":{"line":86,"column":37}},{"start":{"line":86,"column":41},"end":{"line":86,"column":45}}],"line":86},"20":{"loc":{"start":{"line":100,"column":8},"end":{"line":100,"column":93}},"type":"if","locations":[{"start":{"line":100,"column":8},"end":{"line":100,"column":93}},{"start":{},"end":{}}],"line":100},"21":{"loc":{"start":{"line":113,"column":8},"end":{"line":113,"column":32}},"type":"if","locations":[{"start":{"line":113,"column":8},"end":{"line":113,"column":32}},{"start":{},"end":{}}],"line":113},"22":{"loc":{"start":{"line":128,"column":8},"end":{"line":130,"column":9}},"type":"if","locations":[{"start":{"line":128,"column":8},"end":{"line":130,"column":9}},{"start":{},"end":{}}],"line":128}},"s":{"0":3,"1":3,"2":98,"3":98,"4":0,"5":98,"6":98,"7":0,"8":98,"9":98,"10":0,"11":98,"12":98,"13":98,"14":53,"15":53,"16":53,"17":53,"18":53,"19":45,"20":30,"21":30,"22":30,"23":30,"24":10,"25":20,"26":20,"27":20,"28":15,"29":15,"30":15,"31":0,"32":15,"33":15,"34":15,"35":15,"36":15,"37":15,"38":15,"39":15,"40":15,"41":15,"42":0,"43":15,"44":15,"45":15,"46":15,"47":15,"48":15,"49":88,"50":88,"51":88,"52":88,"53":113,"54":113,"55":0,"56":113,"57":113,"58":113,"59":113,"60":113,"61":109,"62":4,"63":4,"64":4,"65":4,"66":0,"67":4},"f":{"0":3,"1":98,"2":98,"3":113,"4":113},"b":{"0":[0,98],"1":[0,98],"2":[98,98],"3":[0,98],"4":[53,45],"5":[30,15],"6":[10,20],"7":[0,15],"8":[15,15,15],"9":[10,5],"10":[10,5],"11":[10,5],"12":[5,10],"13":[0,15],"14":[15,73],"15":[20,53],"16":[15,73],"17":[53,20],"18":[88,88],"19":[88,0],"20":[0,113],"21":[109,4],"22":[0,4]},"inputSourceMap":null,"_coverageSchema":"1a1c01bbd47fc00a2c39e90264f33305004495a9","hash":"b628c4f6324a1ee06de9f741de822ad9d5e59c39"}
,"C:\\Users\\amang\\sale-crm\\salecrmbd\\src\\utils\\Logger.js": {"path":"C:\\Users\\amang\\sale-crm\\salecrmbd\\src\\utils\\Logger.js","statementMap":{"0":{"start":{"line":3,"column":14},"end":{"line":3,"column":51}},"1":{"start":{"line":4,"column":18},"end":{"line":4,"column":46}},"2":{"start":{"line":6,"column":21},"end":{"line":6,"column":73}},"3":{"start":{"line":7,"column":17},"end":{"line":7,"column":53}},"4":{"start":{"line":8,"column":14},"end":{"line":8,"column":84}},"5":{"start":{"line":10,"column":21},"end":{"line":18,"column":2}},"6":{"start":{"line":21,"column":17},"end":{"line":21,"column":98}},"7":{"start":{"line":22,"column":17},"end":{"line":24,"column":14}},"8":{"start":{"line":23,"column":13},"end":{"line":23,"column":72}},"9":{"start":{"line":24,"column":13},"end":{"line":24,"column":14}},"10":{"start":{"line":27,"column":16},"end":{"line":27,"column":33}},"11":{"start":{"line":28,"column":4},"end":{"line":32,"column":5}},"12":{"start":{"line":29,"column":8},"end":{"line":29,"column":77}},"13":{"start":{"line":31,"column":8},"end":{"line":31,"column":20}},"14":{"start":{"line":35,"column":15},"end":{"line":40,"column":1}},"15":{"start":{"line":36,"column":26},"end":{"line":36,"column":79}},"16":{"start":{"line":37,"column":26},"end":{"line":37,"column":78}},"17":{"start":{"line":38,"column":26},"end":{"line":38,"column":78}},"18":{"start":{"line":39,"column":26},"end":{"line":39,"column":79}}},"fnMap":{"0":{"name":"(anonymous_0)","decl":{"start":{"line":23,"column":6},"end":{"line":23,"column":7}},"loc":{"start":{"line":23,"column":13},"end":{"line":23,"column":72}},"line":23},"1":{"name":"(anonymous_1)","decl":{"start":{"line":24,"column":6},"end":{"line":24,"column":7}},"loc":{"start":{"line":24,"column":13},"end":{"line":24,"column":14}},"line":24},"2":{"name":"log","decl":{"start":{"line":26,"column":9},"end":{"line":26,"column":12}},"loc":{"start":{"line":26,"column":36},"end":{"line":33,"column":1}},"line":26},"3":{"name":"(anonymous_3)","decl":{"start":{"line":36,"column":11},"end":{"line":36,"column":12}},"loc":{"start":{"line":36,"column":26},"end":{"line":36,"column":79}},"line":36},"4":{"name":"(anonymous_4)","decl":{"start":{"line":37,"column":11},"end":{"line":37,"column":12}},"loc":{"start":{"line":37,"column":26},"end":{"line":37,"column":78}},"line":37},"5":{"name":"(anonymous_5)","decl":{"start":{"line":38,"column":11},"end":{"line":38,"column":12}},"loc":{"start":{"line":38,"column":26},"end":{"line":38,"column":78}},"line":38},"6":{"name":"(anonymous_6)","decl":{"start":{"line":39,"column":11},"end":{"line":39,"column":12}},"loc":{"start":{"line":39,"column":26},"end":{"line":39,"column":79}},"line":39}},"branchMap":{"0":{"loc":{"start":{"line":8,"column":14},"end":{"line":8,"column":84}},"type":"cond-expr","locations":[{"start":{"line":8,"column":48},"end":{"line":8,"column":56}},{"start":{"line":8,"column":60},"end":{"line":8,"column":83}}],"line":8},"1":{"loc":{"start":{"line":8,"column":60},"end":{"line":8,"column":83}},"type":"cond-expr","locations":[{"start":{"line":8,"column":68},"end":{"line":8,"column":74}},{"start":{"line":8,"column":77},"end":{"line":8,"column":83}}],"line":8},"2":{"loc":{"start":{"line":12,"column":8},"end":{"line":17,"column":5}},"type":"binary-expr","locations":[{"start":{"line":12,"column":8},"end":{"line":12,"column":13}},{"start":{"line":12,"column":17},"end":{"line":17,"column":5}}],"line":12},"3":{"loc":{"start":{"line":22,"column":17},"end":{"line":24,"column":14}},"type":"cond-expr","locations":[{"start":{"line":23,"column":6},"end":{"line":23,"column":72}},{"start":{"line":24,"column":6},"end":{"line":24,"column":14}}],"line":22},"4":{"loc":{"start":{"line":28,"column":4},"end":{"line":32,"column":5}},"type":"if","locations":[{"start":{"line":28,"column":4},"end":{"line":32,"column":5}},{"start":{"line":30,"column":11},"end":{"line":32,"column":5}}],"line":28},"5":{"loc":{"start":{"line":28,"column":8},"end":{"line":28,"column":41}},"type":"binary-expr","locations":[{"start":{"line":28,"column":8},"end":{"line":28,"column":26}},{"start":{"line":28,"column":30},"end":{"line":28,"column":41}}],"line":28},"6":{"loc":{"start":{"line":29,"column":8},"end":{"line":29,"column":76}},"type":"cond-expr","locations":[{"start":{"line":29,"column":35},"end":{"line":29,"column":52}},{"start":{"line":29,"column":55},"end":{"line":29,"column":76}}],"line":29}},"s":{"0":1,"1":1,"2":1,"3":1,"4":1,"5":1,"6":1,"7":1,"8":0,"9":0,"10":0,"11":0,"12":0,"13":0,"14":1,"15":0,"16":0,"17":0,"18":0},"f":{"0":0,"1":0,"2":0,"3":0,"4":0,"5":0,"6":0},"b":{"0":[0,1],"1":[1,0],"2":[1,1],"3":[1,0],"4":[0,0],"5":[0,0],"6":[0,0]},"inputSourceMap":null,"_coverageSchema":"1a1c01bbd47fc00a2c39e90264f33305004495a9","hash":"b29a7313266dc7d252a3ec3b6e299dd39447cdd9"}
,"C:\\Users\\amang\\sale-crm\\salecrmbd\\src\\utils\\ResponseFormatter.js": {"path":"C:\\Users\\amang\\sale-crm\\salecrmbd\\src\\utils\\ResponseFormatter.js","statementMap":{"0":{"start":{"line":4,"column":26},"end":{"line":41,"column":1}},"1":{"start":{"line":6,"column":8},"end":{"line":12,"column":10}},"2":{"start":{"line":16,"column":8},"end":{"line":23,"column":10}},"3":{"start":{"line":27,"column":8},"end":{"line":39,"column":10}}},"fnMap":{"0":{"name":"(anonymous_0)","decl":{"start":{"line":5,"column":4},"end":{"line":5,"column":5}},"loc":{"start":{"line":5,"column":62},"end":{"line":13,"column":5}},"line":5},"1":{"name":"(anonymous_1)","decl":{"start":{"line":15,"column":4},"end":{"line":15,"column":5}},"loc":{"start":{"line":15,"column":77},"end":{"line":24,"column":5}},"line":15},"2":{"name":"(anonymous_2)","decl":{"start":{"line":26,"column":4},"end":{"line":26,"column":5}},"loc":{"start":{"line":26,"column":79},"end":{"line":40,"column":5}},"line":26}},"branchMap":{"0":{"loc":{"start":{"line":5,"column":12},"end":{"line":5,"column":31}},"type":"default-arg","locations":[{"start":{"line":5,"column":22},"end":{"line":5,"column":31}}],"line":5},"1":{"loc":{"start":{"line":5,"column":33},"end":{"line":5,"column":42}},"type":"default-arg","locations":[{"start":{"line":5,"column":40},"end":{"line":5,"column":42}}],"line":5},"2":{"loc":{"start":{"line":5,"column":44},"end":{"line":5,"column":60}},"type":"default-arg","locations":[{"start":{"line":5,"column":57},"end":{"line":5,"column":60}}],"line":5},"3":{"loc":{"start":{"line":15,"column":10},"end":{"line":15,"column":27}},"type":"default-arg","locations":[{"start":{"line":15,"column":20},"end":{"line":15,"column":27}}],"line":15},"4":{"loc":{"start":{"line":15,"column":29},"end":{"line":15,"column":43}},"type":"default-arg","locations":[{"start":{"line":15,"column":36},"end":{"line":15,"column":43}}],"line":15},"5":{"loc":{"start":{"line":15,"column":45},"end":{"line":15,"column":61}},"type":"default-arg","locations":[{"start":{"line":15,"column":58},"end":{"line":15,"column":61}}],"line":15},"6":{"loc":{"start":{"line":15,"column":63},"end":{"line":15,"column":75}},"type":"default-arg","locations":[{"start":{"line":15,"column":73},"end":{"line":15,"column":75}}],"line":15},"7":{"loc":{"start":{"line":26,"column":14},"end":{"line":26,"column":23}},"type":"default-arg","locations":[{"start":{"line":26,"column":21},"end":{"line":26,"column":23}}],"line":26},"8":{"loc":{"start":{"line":26,"column":25},"end":{"line":26,"column":33}},"type":"default-arg","locations":[{"start":{"line":26,"column":32},"end":{"line":26,"column":33}}],"line":26},"9":{"loc":{"start":{"line":26,"column":35},"end":{"line":26,"column":45}},"type":"default-arg","locations":[{"start":{"line":26,"column":43},"end":{"line":26,"column":45}}],"line":26},"10":{"loc":{"start":{"line":26,"column":47},"end":{"line":26,"column":56}},"type":"default-arg","locations":[{"start":{"line":26,"column":55},"end":{"line":26,"column":56}}],"line":26},"11":{"loc":{"start":{"line":26,"column":58},"end":{"line":26,"column":77}},"type":"default-arg","locations":[{"start":{"line":26,"column":68},"end":{"line":26,"column":77}}],"line":26}},"s":{"0":1,"1":0,"2":0,"3":0},"f":{"0":0,"1":0,"2":0},"b":{"0":[0],"1":[0],"2":[0],"3":[0],"4":[0],"5":[0],"6":[0],"7":[0],"8":[0],"9":[0],"10":[0],"11":[0]},"inputSourceMap":null,"_coverageSchema":"1a1c01bbd47fc00a2c39e90264f33305004495a9","hash":"2ced29121b4e776767429701543727570abe9ce7"}
,"C:\\Users\\amang\\sale-crm\\salecrmbd\\src\\utils\\TokenHelper.js": {"path":"C:\\Users\\amang\\sale-crm\\salecrmbd\\src\\utils\\TokenHelper.js","statementMap":{"0":{"start":{"line":9,"column":20},"end":{"line":36,"column":1}},"1":{"start":{"line":11,"column":8},"end":{"line":16,"column":9}},"2":{"start":{"line":12,"column":12},"end":{"line":12,"column":83}},"3":{"start":{"line":14,"column":12},"end":{"line":14,"column":70}},"4":{"start":{"line":15,"column":12},"end":{"line":15,"column":24}},"5":{"start":{"line":20,"column":8},"end":{"line":25,"column":9}},"6":{"start":{"line":21,"column":12},"end":{"line":21,"column":91}},"7":{"start":{"line":23,"column":12},"end":{"line":23,"column":78}},"8":{"start":{"line":24,"column":12},"end":{"line":24,"column":24}},"9":{"start":{"line":29,"column":8},"end":{"line":34,"column":9}},"10":{"start":{"line":30,"column":12},"end":{"line":30,"column":37}},"11":{"start":{"line":32,"column":12},"end":{"line":32,"column":57}},"12":{"start":{"line":33,"column":12},"end":{"line":33,"column":24}}},"fnMap":{"0":{"name":"(anonymous_0)","decl":{"start":{"line":10,"column":4},"end":{"line":10,"column":5}},"loc":{"start":{"line":10,"column":23},"end":{"line":17,"column":5}},"line":10},"1":{"name":"(anonymous_1)","decl":{"start":{"line":19,"column":4},"end":{"line":19,"column":5}},"loc":{"start":{"line":19,"column":30},"end":{"line":26,"column":5}},"line":19},"2":{"name":"(anonymous_2)","decl":{"start":{"line":28,"column":4},"end":{"line":28,"column":5}},"loc":{"start":{"line":28,"column":23},"end":{"line":35,"column":5}},"line":28}},"branchMap":{},"s":{"0":1,"1":0,"2":0,"3":0,"4":0,"5":0,"6":0,"7":0,"8":0,"9":0,"10":0,"11":0,"12":0},"f":{"0":0,"1":0,"2":0},"b":{},"inputSourceMap":null,"_coverageSchema":"1a1c01bbd47fc00a2c39e90264f33305004495a9","hash":"6d72cec6369db92c84f31aef93b47b3d03d8b9ec"}
,"C:\\Users\\amang\\sale-crm\\salecrmbd\\src\\utils\\ValidationHelper.js": {"path":"C:\\Users\\amang\\sale-crm\\salecrmbd\\src\\utils\\ValidationHelper.js","statementMap":{"0":{"start":{"line":10,"column":25},"end":{"line":22,"column":1}},"1":{"start":{"line":12,"column":23},"end":{"line":12,"column":44}},"2":{"start":{"line":13,"column":8},"end":{"line":20,"column":9}},"3":{"start":{"line":14,"column":12},"end":{"line":19,"column":14}},"4":{"start":{"line":18,"column":43},"end":{"line":18,"column":76}}},"fnMap":{"0":{"name":"(anonymous_0)","decl":{"start":{"line":11,"column":4},"end":{"line":11,"column":5}},"loc":{"start":{"line":11,"column":15},"end":{"line":21,"column":5}},"line":11},"1":{"name":"(anonymous_1)","decl":{"start":{"line":18,"column":35},"end":{"line":18,"column":36}},"loc":{"start":{"line":18,"column":43},"end":{"line":18,"column":76}},"line":18}},"branchMap":{"0":{"loc":{"start":{"line":13,"column":8},"end":{"line":20,"column":9}},"type":"if","locations":[{"start":{"line":13,"column":8},"end":{"line":20,"column":9}},{"start":{},"end":{}}],"line":13}},"s":{"0":1,"1":0,"2":0,"3":0,"4":0},"f":{"0":0,"1":0},"b":{"0":[0,0]},"inputSourceMap":null,"_coverageSchema":"1a1c01bbd47fc00a2c39e90264f33305004495a9","hash":"862066a5da64037411b7309d65a92b7669787213"}
,"C:\\Users\\amang\\sale-crm\\salecrmbd\\src\\utils\\index.js": {"path":"C:\\Users\\amang\\sale-crm\\salecrmbd\\src\\utils\\index.js","statementMap":{},"fnMap":{},"branchMap":{},"s":{},"f":{},"b":{},"inputSourceMap":null,"_coverageSchema":"1a1c01bbd47fc00a2c39e90264f33305004495a9","hash":"806a438ee5f4b31fbb66ae398e8d87515822a250"}
}
