TN:
SF:src\config\config.js
FNF:0
FNH:0
DA:1,1
LF:1
LH:1
BRDA:3,0,0,1
BRDA:3,0,1,1
BRDA:4,1,0,1
BRDA:4,1,1,0
BRDA:6,2,0,1
BRDA:6,2,1,1
BRDA:6,3,0,1
BRDA:6,3,1,1
BRDA:11,4,0,0
BRDA:11,4,1,1
BRDA:16,5,0,1
BRDA:16,5,1,1
BRDA:17,6,0,1
BRDA:17,6,1,1
BRDA:18,7,0,1
BRDA:18,7,1,1
BRDA:19,8,0,1
BRDA:19,8,1,1
BRDA:20,9,0,1
BRDA:20,9,1,1
BRDA:22,10,0,0
BRDA:22,10,1,1
BRDA:30,11,0,1
BRDA:30,11,1,1
BRDA:35,12,0,1
BRDA:35,12,1,1
BRDA:36,13,0,1
BRDA:36,13,1,1
BRDA:37,14,0,1
BRDA:37,14,1,1
BRDA:38,15,0,1
BRDA:38,15,1,1
BRDA:43,16,0,1
BRDA:43,16,1,1
BRDA:44,17,0,1
BRDA:44,17,1,1
BRDA:45,18,0,1
BRDA:45,18,1,1
BRDA:46,19,0,1
BRDA:46,19,1,1
BRDA:52,20,0,1
BRDA:52,20,1,1
BRDA:53,21,0,1
BRDA:53,21,1,1
BRDA:57,22,0,1
BRDA:57,22,1,1
BRDA:61,23,0,1
BRDA:61,23,1,1
BRDA:62,24,0,1
BRDA:62,24,1,1
BRDA:63,25,0,1
BRDA:63,25,1,1
BRDA:64,26,0,1
BRDA:64,26,1,1
BRDA:65,27,0,1
BRDA:65,27,1,1
BRDA:72,28,0,1
BRDA:72,28,1,1
BRF:58
BRH:55
end_of_record
TN:
SF:src\constants\inventory.js
FN:28,toNumber
FNF:1
FNH:1
FNDA:314,toNumber
DA:1,1
DA:3,1
DA:11,1
DA:13,1
DA:19,1
DA:24,1
DA:26,1
DA:29,314
DA:30,314
LF:9
LH:9
BRDA:28,0,0,216
BRDA:30,1,0,314
BRDA:30,1,1,0
BRF:3
BRH:2
end_of_record
TN:
SF:src\errors\AppError.js
FN:11,(anonymous_0)
FN:20,(anonymous_1)
FNF:2
FNH:1
FNDA:10,(anonymous_0)
FNDA:0,(anonymous_1)
DA:12,10
DA:13,10
DA:14,10
DA:15,10
DA:16,10
DA:17,10
DA:21,0
LF:7
LH:6
BRDA:11,0,0,0
BRDA:11,1,0,0
BRDA:11,2,0,10
BRDA:27,3,0,0
BRDA:27,3,1,0
BRF:5
BRH:1
end_of_record
TN:
SF:src\errors\ErrorCode.js
FNF:0
FNH:0
DA:4,1
LF:1
LH:1
BRF:0
BRH:0
end_of_record
TN:
SF:src\errors\index.js
FNF:0
FNH:0
LF:0
LH:0
BRF:0
BRH:0
end_of_record
TN:
SF:src\modules\inventory\__tests__\harness.js
FN:5,createConcurrentStockHarness
FN:9,(anonymous_1)
FN:11,(anonymous_2)
FN:15,(anonymous_3)
FN:18,(anonymous_4)
FN:19,(anonymous_5)
FN:25,(anonymous_6)
FN:38,wrapLevel
FN:40,(anonymous_8)
FN:41,(anonymous_9)
FN:42,(anonymous_10)
FN:43,(anonymous_11)
FN:44,(anonymous_12)
FN:45,(anonymous_13)
FN:53,(anonymous_14)
FN:61,(anonymous_15)
FN:78,(anonymous_16)
FN:80,(anonymous_17)
FN:81,(anonymous_18)
FN:88,(anonymous_19)
FN:91,(anonymous_20)
FN:94,(anonymous_21)
FN:97,(anonymous_22)
FN:100,(anonymous_23)
FN:101,(anonymous_24)
FN:107,(anonymous_25)
FNF:26
FNH:21
FNDA:3,createConcurrentStockHarness
FNDA:127,(anonymous_1)
FNDA:117,(anonymous_2)
FNDA:113,(anonymous_3)
FNDA:113,(anonymous_4)
FNDA:113,(anonymous_5)
FNDA:98,(anonymous_6)
FNDA:117,wrapLevel
FNDA:30,(anonymous_8)
FNDA:113,(anonymous_9)
FNDA:103,(anonymous_10)
FNDA:103,(anonymous_11)
FNDA:103,(anonymous_12)
FNDA:103,(anonymous_13)
FNDA:117,(anonymous_14)
FNDA:4,(anonymous_15)
FNDA:0,(anonymous_16)
FNDA:0,(anonymous_17)
FNDA:0,(anonymous_18)
FNDA:98,(anonymous_19)
FNDA:113,(anonymous_20)
FNDA:88,(anonymous_21)
FNDA:88,(anonymous_22)
FNDA:0,(anonymous_23)
FNDA:0,(anonymous_24)
FNDA:6,(anonymous_25)
DA:6,3
DA:7,3
DA:9,127
DA:11,3
DA:12,117
DA:13,113
DA:15,113
DA:16,113
DA:18,113
DA:19,113
DA:20,113
DA:24,3
DA:26,98
DA:30,98
DA:31,98
DA:33,113
DA:39,117
DA:40,30
DA:41,113
DA:42,103
DA:43,103
DA:44,103
DA:46,103
DA:51,3
DA:54,117
DA:55,117
DA:56,117
DA:58,117
DA:59,117
DA:62,4
DA:63,4
DA:64,0
DA:65,0
DA:66,0
DA:68,4
DA:75,4
DA:76,4
DA:79,0
DA:80,0
DA:81,0
DA:85,3
DA:88,98
DA:91,113
DA:94,88
DA:97,88
DA:100,0
DA:101,0
DA:105,3
DA:108,6
DA:109,6
LF:50
LH:42
BRDA:12,0,0,4
BRDA:12,0,1,113
BRDA:13,1,0,113
BRDA:13,1,1,4
BRDA:55,2,0,117
BRDA:55,2,1,0
BRDA:55,3,0,117
BRDA:55,3,1,117
BRDA:59,4,0,113
BRDA:59,4,1,4
BRDA:63,5,0,0
BRDA:63,5,1,4
BRDA:72,6,0,4
BRDA:72,6,1,0
BRDA:73,7,0,4
BRDA:73,7,1,0
BRDA:80,8,0,0
BRDA:80,8,1,0
BRDA:88,9,0,98
BRDA:88,9,1,0
BRDA:91,10,0,113
BRDA:91,10,1,0
BRDA:109,11,0,6
BRDA:109,11,1,0
BRF:24
BRH:15
end_of_record
TN:
SF:src\modules\inventory\service\LowStockAlertService.js
FN:5,(anonymous_0)
FN:9,(anonymous_1)
FN:21,(anonymous_2)
FN:44,(anonymous_3)
FN:72,(anonymous_4)
FNF:5
FNH:2
FNDA:3,(anonymous_0)
FNDA:0,(anonymous_1)
FNDA:88,(anonymous_2)
FNDA:0,(anonymous_3)
FNDA:0,(anonymous_4)
DA:6,3
DA:10,0
DA:11,0
DA:22,88
DA:23,88
DA:24,88
DA:26,0
DA:27,0
DA:29,0
DA:33,0
DA:34,0
DA:35,0
DA:36,0
DA:38,0
DA:45,0
DA:46,0
DA:47,0
DA:49,0
DA:50,0
DA:51,0
DA:52,0
DA:53,0
DA:56,0
DA:57,0
DA:58,0
DA:59,0
DA:60,0
DA:61,0
DA:62,0
DA:63,0
DA:69,0
DA:73,0
DA:74,0
DA:75,0
DA:84,0
DA:85,0
DA:86,0
DA:87,0
DA:88,0
DA:89,0
DA:91,0
DA:102,0
DA:103,0
DA:104,0
DA:105,0
DA:106,0
DA:108,0
LF:47
LH:4
BRDA:24,0,0,88
BRDA:24,0,1,0
BRDA:24,1,0,88
BRDA:24,1,1,88
BRDA:27,2,0,0
BRDA:27,2,1,0
BRDA:29,3,0,0
BRDA:29,3,1,0
BRDA:53,4,0,0
BRDA:53,4,1,0
BRDA:59,5,0,0
BRDA:59,5,1,0
BRDA:59,6,0,0
BRDA:59,6,1,0
BRDA:84,7,0,0
BRDA:84,7,1,0
BRDA:85,8,0,0
BRDA:85,8,1,0
BRDA:102,9,0,0
BRDA:102,9,1,0
BRF:20
BRH:3
end_of_record
TN:
SF:src\modules\inventory\service\StockService.js
FN:12,(anonymous_0)
FN:17,(anonymous_1)
FN:32,(anonymous_2)
FN:96,(anonymous_3)
FN:104,(anonymous_4)
FNF:5
FNH:5
FNDA:3,(anonymous_0)
FNDA:98,(anonymous_1)
FNDA:98,(anonymous_2)
FNDA:113,(anonymous_3)
FNDA:113,(anonymous_4)
DA:13,3
DA:14,3
DA:18,98
DA:19,98
DA:20,0
DA:22,98
DA:23,98
DA:24,0
DA:27,98
DA:28,98
DA:30,98
DA:32,98
DA:33,98
DA:34,53
DA:35,53
DA:36,53
DA:37,53
DA:38,53
DA:39,45
DA:40,30
DA:41,30
DA:42,30
DA:43,30
DA:44,10
DA:46,20
DA:47,20
DA:48,20
DA:50,15
DA:51,15
DA:52,15
DA:53,0
DA:55,15
DA:56,15
DA:59,15
DA:60,15
DA:61,15
DA:62,15
DA:63,15
DA:64,15
DA:66,15
DA:67,15
DA:68,0
DA:70,15
DA:71,15
DA:72,15
DA:73,15
DA:74,15
DA:75,15
DA:78,88
DA:89,88
DA:92,88
DA:93,88
DA:97,113
DA:100,113
DA:101,113
DA:105,113
DA:106,113
DA:112,113
DA:113,113
DA:115,4
DA:116,4
DA:127,4
DA:128,4
DA:129,0
DA:131,4
LF:65
LH:60
BRDA:19,0,0,0
BRDA:19,0,1,98
BRDA:23,1,0,0
BRDA:23,1,1,98
BRDA:23,2,0,98
BRDA:23,2,1,98
BRDA:28,3,0,0
BRDA:28,3,1,98
BRDA:33,4,0,53
BRDA:33,4,1,45
BRDA:39,5,0,30
BRDA:39,5,1,15
BRDA:43,6,0,10
BRDA:43,6,1,20
BRDA:52,7,0,0
BRDA:52,7,1,15
BRDA:52,8,0,15
BRDA:52,8,1,15
BRDA:52,8,2,15
BRDA:59,9,0,10
BRDA:59,9,1,5
BRDA:60,10,0,10
BRDA:60,10,1,5
BRDA:63,11,0,10
BRDA:63,11,1,5
BRDA:64,12,0,5
BRDA:64,12,1,10
BRDA:67,13,0,0
BRDA:67,13,1,15
BRDA:83,14,0,15
BRDA:83,14,1,73
BRDA:83,15,0,20
BRDA:83,15,1,53
BRDA:84,16,0,15
BRDA:84,16,1,73
BRDA:84,17,0,53
BRDA:84,17,1,20
BRDA:85,18,0,88
BRDA:85,18,1,88
BRDA:86,19,0,88
BRDA:86,19,1,0
BRDA:100,20,0,0
BRDA:100,20,1,113
BRDA:113,21,0,109
BRDA:113,21,1,4
BRDA:128,22,0,0
BRDA:128,22,1,4
BRF:47
BRH:39
end_of_record
TN:
SF:src\utils\Logger.js
FN:23,(anonymous_0)
FN:24,(anonymous_1)
FN:26,log
FN:36,(anonymous_3)
FN:37,(anonymous_4)
FN:38,(anonymous_5)
FN:39,(anonymous_6)
FNF:7
FNH:0
FNDA:0,(anonymous_0)
FNDA:0,(anonymous_1)
FNDA:0,log
FNDA:0,(anonymous_3)
FNDA:0,(anonymous_4)
FNDA:0,(anonymous_5)
FNDA:0,(anonymous_6)
DA:3,1
DA:4,1
DA:6,1
DA:7,1
DA:8,1
DA:10,1
DA:21,1
DA:22,1
DA:23,0
DA:24,0
DA:27,0
DA:28,0
DA:29,0
DA:31,0
DA:35,1
DA:36,0
DA:37,0
DA:38,0
DA:39,0
LF:19
LH:9
BRDA:8,0,0,0
BRDA:8,0,1,1
BRDA:8,1,0,1
BRDA:8,1,1,0
BRDA:12,2,0,1
BRDA:12,2,1,1
BRDA:22,3,0,1
BRDA:22,3,1,0
BRDA:28,4,0,0
BRDA:28,4,1,0
BRDA:28,5,0,0
BRDA:28,5,1,0
BRDA:29,6,0,0
BRDA:29,6,1,0
BRF:14
BRH:5
end_of_record
TN:
SF:src\utils\ResponseFormatter.js
FN:5,(anonymous_0)
FN:15,(anonymous_1)
FN:26,(anonymous_2)
FNF:3
FNH:0
FNDA:0,(anonymous_0)
FNDA:0,(anonymous_1)
FNDA:0,(anonymous_2)
DA:4,1
DA:6,0
DA:16,0
DA:27,0
LF:4
LH:1
BRDA:5,0,0,0
BRDA:5,1,0,0
BRDA:5,2,0,0
BRDA:15,3,0,0
BRDA:15,4,0,0
BRDA:15,5,0,0
BRDA:15,6,0,0
BRDA:26,7,0,0
BRDA:26,8,0,0
BRDA:26,9,0,0
BRDA:26,10,0,0
BRDA:26,11,0,0
BRF:12
BRH:0
end_of_record
TN:
SF:src\utils\TokenHelper.js
FN:10,(anonymous_0)
FN:19,(anonymous_1)
FN:28,(anonymous_2)
FNF:3
FNH:0
FNDA:0,(anonymous_0)
FNDA:0,(anonymous_1)
FNDA:0,(anonymous_2)
DA:9,1
DA:11,0
DA:12,0
DA:14,0
DA:15,0
DA:20,0
DA:21,0
DA:23,0
DA:24,0
DA:29,0
DA:30,0
DA:32,0
DA:33,0
LF:13
LH:1
BRF:0
BRH:0
end_of_record
TN:
SF:src\utils\ValidationHelper.js
FN:11,(anonymous_0)
FN:18,(anonymous_1)
FNF:2
FNH:0
FNDA:0,(anonymous_0)
FNDA:0,(anonymous_1)
DA:10,1
DA:12,0
DA:13,0
DA:14,0
DA:18,0
LF:5
LH:1
BRDA:13,0,0,0
BRDA:13,0,1,0
BRF:2
BRH:0
end_of_record
TN:
SF:src\utils\index.js
FNF:0
FNH:0
LF:0
LH:0
BRF:0
BRH:0
end_of_record
